2020-05-05 14:31:06,728 [Worker-3: Loading available Gradle versions] INFO  o.e.b.c.i.u.g.PublishedGradleVersions - Gradle version information cache is up-to-date. Trying to read.
2020-05-05 14:32:04,348 [Worker-7: Creating maven-archetype-quickstart] INFO  o.e.m.c.i.p.ProjectConfigurationManager - Collecting project info '/pom.xml' C:\Users\usha\Desktop\LmsParallelProject\lmscollection\pom.xml
2020-05-05 14:32:05,731 [Worker-7: Creating maven-archetype-quickstart] INFO  o.e.m.c.i.l.LifecycleMappingFactory - Using org.eclipse.m2e.jdt.JarLifecycleMapping lifecycle mapping for MavenProject: com.capgemini:lmscollection:0.0.1-SNAPSHOT @ C:\Users\usha\Desktop\LmsParallelProject\lmscollection\pom.xml.
2020-05-05 14:32:06,801 [Worker-7: Creating maven-archetype-quickstart] INFO  o.e.m.j.i.AbstractJavaProjectConfigurator - Adding source folder /lmscollection/src/main/java
2020-05-05 14:32:06,808 [Worker-7: Creating maven-archetype-quickstart] INFO  o.e.m.j.i.AbstractJavaProjectConfigurator - Adding source folder /lmscollection/src/test/java
2020-05-05 14:32:07,843 [Worker-7: Creating maven-archetype-quickstart] INFO  o.e.m.c.i.p.ProjectConfigurationManager - Imported and configured 1 project(s) in 3 sec
2020-05-05 14:32:08,723 [Worker-6: Building] INFO  o.e.m.c.i.embedder.EclipseLogger - Using 'UTF-8' encoding to copy filtered resources.
2020-05-05 14:32:08,724 [Worker-6: Building] INFO  o.e.m.c.i.embedder.EclipseLogger - skip non existing resourceDirectory C:\Users\usha\Desktop\LmsParallelProject\lmscollection\src\main\resources
2020-05-05 14:32:08,727 [Worker-6: Building] INFO  o.e.m.c.i.embedder.EclipseLogger - Using 'UTF-8' encoding to copy filtered resources.
2020-05-05 14:32:08,727 [Worker-6: Building] INFO  o.e.m.c.i.embedder.EclipseLogger - skip non existing resourceDirectory C:\Users\usha\Desktop\LmsParallelProject\lmscollection\src\test\resources
2020-05-05 14:32:36,807 [Worker-3: Building] INFO  o.e.m.c.i.l.LifecycleMappingFactory - Using org.eclipse.m2e.jdt.JarLifecycleMapping lifecycle mapping for MavenProject: com.capgemini:lmscollection:0.0.1-SNAPSHOT @ C:\Users\usha\Desktop\LmsParallelProject\lmscollection\pom.xml.
2020-05-05 14:32:37,181 [Worker-3: Building] INFO  o.e.m.c.i.embedder.EclipseLogger - Using 'UTF-8' encoding to copy filtered resources.
2020-05-05 14:32:37,181 [Worker-3: Building] INFO  o.e.m.c.i.embedder.EclipseLogger - skip non existing resourceDirectory C:\Users\usha\Desktop\LmsParallelProject\lmscollection\src\main\resources
2020-05-05 14:32:37,184 [Worker-3: Building] INFO  o.e.m.c.i.embedder.EclipseLogger - Using 'UTF-8' encoding to copy filtered resources.
2020-05-05 14:32:37,185 [Worker-3: Building] INFO  o.e.m.c.i.embedder.EclipseLogger - skip non existing resourceDirectory C:\Users\usha\Desktop\LmsParallelProject\lmscollection\src\test\resources
2020-05-05 14:32:54,533 [Worker-2: Updating Maven Project] INFO  o.e.m.c.i.p.ProjectConfigurationManager - Update started
2020-05-05 14:32:55,085 [Worker-2: Updating Maven Project] INFO  o.e.m.c.i.l.LifecycleMappingFactory - Using org.eclipse.m2e.jdt.JarLifecycleMapping lifecycle mapping for MavenProject: com.capgemini:lmscollection:0.0.1-SNAPSHOT @ C:\Users\usha\Desktop\LmsParallelProject\lmscollection\pom.xml.
2020-05-05 14:32:55,291 [Worker-2: Updating Maven Project] INFO  o.e.m.j.i.AbstractJavaProjectConfigurator - Adding source folder /lmscollection/src/main/java
2020-05-05 14:32:55,292 [Worker-2: Updating Maven Project] INFO  o.e.m.j.i.AbstractJavaProjectConfigurator - Adding source folder /lmscollection/src/test/java
2020-05-05 14:32:55,524 [Worker-2: Updating Maven Project] INFO  o.e.m.c.i.p.ProjectConfigurationManager - Update completed: 0 sec
2020-05-05 14:32:55,731 [Worker-6: Building] INFO  o.e.m.c.i.embedder.EclipseLogger - Using 'UTF-8' encoding to copy filtered resources.
2020-05-05 14:32:55,732 [Worker-6: Building] INFO  o.e.m.c.i.embedder.EclipseLogger - skip non existing resourceDirectory C:\Users\usha\Desktop\LmsParallelProject\lmscollection\src\main\resources
2020-05-05 14:32:55,735 [Worker-6: Building] INFO  o.e.m.c.i.embedder.EclipseLogger - Using 'UTF-8' encoding to copy filtered resources.
2020-05-05 14:32:55,736 [Worker-6: Building] INFO  o.e.m.c.i.embedder.EclipseLogger - skip non existing resourceDirectory C:\Users\usha\Desktop\LmsParallelProject\lmscollection\src\test\resources
2020-05-05 14:35:24,206 [Worker-8: Building] INFO  o.e.m.c.i.embedder.EclipseLogger - Using 'UTF-8' encoding to copy filtered resources.
2020-05-05 14:35:24,206 [Worker-8: Building] INFO  o.e.m.c.i.embedder.EclipseLogger - skip non existing resourceDirectory C:\Users\usha\Desktop\LmsParallelProject\lmscollection\src\main\resources
2020-05-05 14:35:24,208 [Worker-8: Building] INFO  o.e.m.c.i.embedder.EclipseLogger - Using 'UTF-8' encoding to copy filtered resources.
2020-05-05 14:35:24,208 [Worker-8: Building] INFO  o.e.m.c.i.embedder.EclipseLogger - skip non existing resourceDirectory C:\Users\usha\Desktop\LmsParallelProject\lmscollection\src\test\resources
2020-05-05 14:35:25,313 [Worker-12: Building] INFO  o.e.m.c.i.embedder.EclipseLogger - Using 'UTF-8' encoding to copy filtered resources.
2020-05-05 14:35:25,313 [Worker-12: Building] INFO  o.e.m.c.i.embedder.EclipseLogger - skip non existing resourceDirectory C:\Users\usha\Desktop\LmsParallelProject\lmscollection\src\main\resources
2020-05-05 14:35:25,319 [Worker-12: Building] INFO  o.e.m.c.i.embedder.EclipseLogger - Using 'UTF-8' encoding to copy filtered resources.
2020-05-05 14:35:25,320 [Worker-12: Building] INFO  o.e.m.c.i.embedder.EclipseLogger - skip non existing resourceDirectory C:\Users\usha\Desktop\LmsParallelProject\lmscollection\src\test\resources
2020-05-05 14:36:00,135 [Worker-11: Building] INFO  o.e.m.c.i.embedder.EclipseLogger - Using 'UTF-8' encoding to copy filtered resources.
2020-05-05 14:36:00,135 [Worker-11: Building] INFO  o.e.m.c.i.embedder.EclipseLogger - skip non existing resourceDirectory C:\Users\usha\Desktop\LmsParallelProject\lmscollection\src\main\resources
2020-05-05 14:36:00,137 [Worker-11: Building] INFO  o.e.m.c.i.embedder.EclipseLogger - Using 'UTF-8' encoding to copy filtered resources.
2020-05-05 14:36:00,137 [Worker-11: Building] INFO  o.e.m.c.i.embedder.EclipseLogger - skip non existing resourceDirectory C:\Users\usha\Desktop\LmsParallelProject\lmscollection\src\test\resources
2020-05-05 14:36:31,215 [Worker-11: Building] INFO  o.e.m.c.i.embedder.EclipseLogger - Using 'UTF-8' encoding to copy filtered resources.
2020-05-05 14:36:31,215 [Worker-11: Building] INFO  o.e.m.c.i.embedder.EclipseLogger - skip non existing resourceDirectory C:\Users\usha\Desktop\LmsParallelProject\lmscollection\src\main\resources
2020-05-05 14:36:31,217 [Worker-11: Building] INFO  o.e.m.c.i.embedder.EclipseLogger - Using 'UTF-8' encoding to copy filtered resources.
2020-05-05 14:36:31,218 [Worker-11: Building] INFO  o.e.m.c.i.embedder.EclipseLogger - skip non existing resourceDirectory C:\Users\usha\Desktop\LmsParallelProject\lmscollection\src\test\resources
2020-05-05 14:36:50,493 [Worker-13: Building] INFO  o.e.m.c.i.embedder.EclipseLogger - Using 'UTF-8' encoding to copy filtered resources.
2020-05-05 14:36:50,493 [Worker-13: Building] INFO  o.e.m.c.i.embedder.EclipseLogger - skip non existing resourceDirectory C:\Users\usha\Desktop\LmsParallelProject\lmscollection\src\main\resources
2020-05-05 14:36:50,495 [Worker-13: Building] INFO  o.e.m.c.i.embedder.EclipseLogger - Using 'UTF-8' encoding to copy filtered resources.
2020-05-05 14:36:50,495 [Worker-13: Building] INFO  o.e.m.c.i.embedder.EclipseLogger - skip non existing resourceDirectory C:\Users\usha\Desktop\LmsParallelProject\lmscollection\src\test\resources
2020-05-05 14:37:14,633 [Worker-13: Building] INFO  o.e.m.c.i.embedder.EclipseLogger - Using 'UTF-8' encoding to copy filtered resources.
2020-05-05 14:37:14,633 [Worker-13: Building] INFO  o.e.m.c.i.embedder.EclipseLogger - skip non existing resourceDirectory C:\Users\usha\Desktop\LmsParallelProject\lmscollection\src\main\resources
2020-05-05 14:37:14,635 [Worker-13: Building] INFO  o.e.m.c.i.embedder.EclipseLogger - Using 'UTF-8' encoding to copy filtered resources.
2020-05-05 14:37:14,635 [Worker-13: Building] INFO  o.e.m.c.i.embedder.EclipseLogger - skip non existing resourceDirectory C:\Users\usha\Desktop\LmsParallelProject\lmscollection\src\test\resources
2020-05-05 14:37:20,427 [Worker-13: Building] INFO  o.e.m.c.i.embedder.EclipseLogger - Using 'UTF-8' encoding to copy filtered resources.
2020-05-05 14:37:20,427 [Worker-13: Building] INFO  o.e.m.c.i.embedder.EclipseLogger - skip non existing resourceDirectory C:\Users\usha\Desktop\LmsParallelProject\lmscollection\src\main\resources
2020-05-05 14:37:20,434 [Worker-13: Building] INFO  o.e.m.c.i.embedder.EclipseLogger - Using 'UTF-8' encoding to copy filtered resources.
2020-05-05 14:37:20,434 [Worker-13: Building] INFO  o.e.m.c.i.embedder.EclipseLogger - skip non existing resourceDirectory C:\Users\usha\Desktop\LmsParallelProject\lmscollection\src\test\resources
2020-05-05 14:37:46,953 [Worker-13: Building] INFO  o.e.m.c.i.embedder.EclipseLogger - Using 'UTF-8' encoding to copy filtered resources.
2020-05-05 14:37:46,953 [Worker-13: Building] INFO  o.e.m.c.i.embedder.EclipseLogger - skip non existing resourceDirectory C:\Users\usha\Desktop\LmsParallelProject\lmscollection\src\main\resources
2020-05-05 14:37:46,955 [Worker-13: Building] INFO  o.e.m.c.i.embedder.EclipseLogger - Using 'UTF-8' encoding to copy filtered resources.
2020-05-05 14:37:46,955 [Worker-13: Building] INFO  o.e.m.c.i.embedder.EclipseLogger - skip non existing resourceDirectory C:\Users\usha\Desktop\LmsParallelProject\lmscollection\src\test\resources
2020-05-05 14:38:34,777 [Worker-15: Building] INFO  o.e.m.c.i.embedder.EclipseLogger - Using 'UTF-8' encoding to copy filtered resources.
2020-05-05 14:38:34,778 [Worker-15: Building] INFO  o.e.m.c.i.embedder.EclipseLogger - skip non existing resourceDirectory C:\Users\usha\Desktop\LmsParallelProject\lmscollection\src\main\resources
2020-05-05 14:38:34,779 [Worker-15: Building] INFO  o.e.m.c.i.embedder.EclipseLogger - Using 'UTF-8' encoding to copy filtered resources.
2020-05-05 14:38:34,779 [Worker-15: Building] INFO  o.e.m.c.i.embedder.EclipseLogger - skip non existing resourceDirectory C:\Users\usha\Desktop\LmsParallelProject\lmscollection\src\test\resources
2020-05-05 14:39:05,292 [Worker-15: Building] INFO  o.e.m.c.i.embedder.EclipseLogger - Using 'UTF-8' encoding to copy filtered resources.
2020-05-05 14:39:05,292 [Worker-15: Building] INFO  o.e.m.c.i.embedder.EclipseLogger - skip non existing resourceDirectory C:\Users\usha\Desktop\LmsParallelProject\lmscollection\src\main\resources
2020-05-05 14:39:05,294 [Worker-15: Building] INFO  o.e.m.c.i.embedder.EclipseLogger - Using 'UTF-8' encoding to copy filtered resources.
2020-05-05 14:39:05,295 [Worker-15: Building] INFO  o.e.m.c.i.embedder.EclipseLogger - skip non existing resourceDirectory C:\Users\usha\Desktop\LmsParallelProject\lmscollection\src\test\resources
2020-05-05 14:39:23,891 [Worker-15: Building] INFO  o.e.m.c.i.embedder.EclipseLogger - Using 'UTF-8' encoding to copy filtered resources.
2020-05-05 14:39:23,891 [Worker-15: Building] INFO  o.e.m.c.i.embedder.EclipseLogger - skip non existing resourceDirectory C:\Users\usha\Desktop\LmsParallelProject\lmscollection\src\main\resources
2020-05-05 14:39:23,893 [Worker-15: Building] INFO  o.e.m.c.i.embedder.EclipseLogger - Using 'UTF-8' encoding to copy filtered resources.
2020-05-05 14:39:23,893 [Worker-15: Building] INFO  o.e.m.c.i.embedder.EclipseLogger - skip non existing resourceDirectory C:\Users\usha\Desktop\LmsParallelProject\lmscollection\src\test\resources
2020-05-05 14:39:27,708 [Worker-14: Building] INFO  o.e.m.c.i.embedder.EclipseLogger - Using 'UTF-8' encoding to copy filtered resources.
2020-05-05 14:39:27,709 [Worker-14: Building] INFO  o.e.m.c.i.embedder.EclipseLogger - skip non existing resourceDirectory C:\Users\usha\Desktop\LmsParallelProject\lmscollection\src\main\resources
2020-05-05 14:39:27,715 [Worker-14: Building] INFO  o.e.m.c.i.embedder.EclipseLogger - Using 'UTF-8' encoding to copy filtered resources.
2020-05-05 14:39:27,716 [Worker-14: Building] INFO  o.e.m.c.i.embedder.EclipseLogger - skip non existing resourceDirectory C:\Users\usha\Desktop\LmsParallelProject\lmscollection\src\test\resources
2020-05-05 14:39:41,392 [Worker-5: Building] INFO  o.e.m.c.i.embedder.EclipseLogger - Using 'UTF-8' encoding to copy filtered resources.
2020-05-05 14:39:41,392 [Worker-5: Building] INFO  o.e.m.c.i.embedder.EclipseLogger - skip non existing resourceDirectory C:\Users\usha\Desktop\LmsParallelProject\lmscollection\src\main\resources
2020-05-05 14:39:41,395 [Worker-5: Building] INFO  o.e.m.c.i.embedder.EclipseLogger - Using 'UTF-8' encoding to copy filtered resources.
2020-05-05 14:39:41,395 [Worker-5: Building] INFO  o.e.m.c.i.embedder.EclipseLogger - skip non existing resourceDirectory C:\Users\usha\Desktop\LmsParallelProject\lmscollection\src\test\resources
2020-05-05 14:40:31,217 [Worker-12: Building] INFO  o.e.m.c.i.embedder.EclipseLogger - Using 'UTF-8' encoding to copy filtered resources.
2020-05-05 14:40:31,218 [Worker-12: Building] INFO  o.e.m.c.i.embedder.EclipseLogger - skip non existing resourceDirectory C:\Users\usha\Desktop\LmsParallelProject\lmscollection\src\main\resources
2020-05-05 14:40:31,220 [Worker-12: Building] INFO  o.e.m.c.i.embedder.EclipseLogger - Using 'UTF-8' encoding to copy filtered resources.
2020-05-05 14:40:31,220 [Worker-12: Building] INFO  o.e.m.c.i.embedder.EclipseLogger - skip non existing resourceDirectory C:\Users\usha\Desktop\LmsParallelProject\lmscollection\src\test\resources
2020-05-05 14:40:49,235 [Worker-14: Building] INFO  o.e.m.c.i.embedder.EclipseLogger - Using 'UTF-8' encoding to copy filtered resources.
2020-05-05 14:40:49,235 [Worker-14: Building] INFO  o.e.m.c.i.embedder.EclipseLogger - skip non existing resourceDirectory C:\Users\usha\Desktop\LmsParallelProject\lmscollection\src\main\resources
2020-05-05 14:40:49,239 [Worker-14: Building] INFO  o.e.m.c.i.embedder.EclipseLogger - Using 'UTF-8' encoding to copy filtered resources.
2020-05-05 14:40:49,239 [Worker-14: Building] INFO  o.e.m.c.i.embedder.EclipseLogger - skip non existing resourceDirectory C:\Users\usha\Desktop\LmsParallelProject\lmscollection\src\test\resources
2020-05-05 14:42:47,146 [Worker-12: Building] INFO  o.e.m.c.i.embedder.EclipseLogger - Using 'UTF-8' encoding to copy filtered resources.
2020-05-05 14:42:47,146 [Worker-12: Building] INFO  o.e.m.c.i.embedder.EclipseLogger - skip non existing resourceDirectory C:\Users\usha\Desktop\LmsParallelProject\lmscollection\src\main\resources
2020-05-05 14:42:47,148 [Worker-12: Building] INFO  o.e.m.c.i.embedder.EclipseLogger - Using 'UTF-8' encoding to copy filtered resources.
2020-05-05 14:42:47,148 [Worker-12: Building] INFO  o.e.m.c.i.embedder.EclipseLogger - skip non existing resourceDirectory C:\Users\usha\Desktop\LmsParallelProject\lmscollection\src\test\resources
2020-05-05 14:44:33,312 [Worker-15: Building] INFO  o.e.m.c.i.embedder.EclipseLogger - Using 'UTF-8' encoding to copy filtered resources.
2020-05-05 14:44:33,312 [Worker-15: Building] INFO  o.e.m.c.i.embedder.EclipseLogger - skip non existing resourceDirectory C:\Users\usha\Desktop\LmsParallelProject\lmscollection\src\main\resources
2020-05-05 14:44:33,313 [Worker-15: Building] INFO  o.e.m.c.i.embedder.EclipseLogger - Using 'UTF-8' encoding to copy filtered resources.
2020-05-05 14:44:33,314 [Worker-15: Building] INFO  o.e.m.c.i.embedder.EclipseLogger - skip non existing resourceDirectory C:\Users\usha\Desktop\LmsParallelProject\lmscollection\src\test\resources
2020-05-05 14:44:55,047 [Worker-8: Building] INFO  o.e.m.c.i.embedder.EclipseLogger - Using 'UTF-8' encoding to copy filtered resources.
2020-05-05 14:44:55,047 [Worker-8: Building] INFO  o.e.m.c.i.embedder.EclipseLogger - skip non existing resourceDirectory C:\Users\usha\Desktop\LmsParallelProject\lmscollection\src\main\resources
2020-05-05 14:44:55,049 [Worker-8: Building] INFO  o.e.m.c.i.embedder.EclipseLogger - Using 'UTF-8' encoding to copy filtered resources.
2020-05-05 14:44:55,049 [Worker-8: Building] INFO  o.e.m.c.i.embedder.EclipseLogger - skip non existing resourceDirectory C:\Users\usha\Desktop\LmsParallelProject\lmscollection\src\test\resources
2020-05-05 14:45:31,552 [Worker-15: Building] INFO  o.e.m.c.i.embedder.EclipseLogger - Using 'UTF-8' encoding to copy filtered resources.
2020-05-05 14:45:31,552 [Worker-15: Building] INFO  o.e.m.c.i.embedder.EclipseLogger - skip non existing resourceDirectory C:\Users\usha\Desktop\LmsParallelProject\lmscollection\src\main\resources
2020-05-05 14:45:31,554 [Worker-15: Building] INFO  o.e.m.c.i.embedder.EclipseLogger - Using 'UTF-8' encoding to copy filtered resources.
2020-05-05 14:45:31,554 [Worker-15: Building] INFO  o.e.m.c.i.embedder.EclipseLogger - skip non existing resourceDirectory C:\Users\usha\Desktop\LmsParallelProject\lmscollection\src\test\resources
2020-05-05 14:45:57,608 [Worker-15: Building] INFO  o.e.m.c.i.embedder.EclipseLogger - Using 'UTF-8' encoding to copy filtered resources.
2020-05-05 14:45:57,609 [Worker-15: Building] INFO  o.e.m.c.i.embedder.EclipseLogger - skip non existing resourceDirectory C:\Users\usha\Desktop\LmsParallelProject\lmscollection\src\main\resources
2020-05-05 14:45:57,610 [Worker-15: Building] INFO  o.e.m.c.i.embedder.EclipseLogger - Using 'UTF-8' encoding to copy filtered resources.
2020-05-05 14:45:57,610 [Worker-15: Building] INFO  o.e.m.c.i.embedder.EclipseLogger - skip non existing resourceDirectory C:\Users\usha\Desktop\LmsParallelProject\lmscollection\src\test\resources
2020-05-05 14:46:37,750 [Worker-12: Building] INFO  o.e.m.c.i.embedder.EclipseLogger - Using 'UTF-8' encoding to copy filtered resources.
2020-05-05 14:46:37,750 [Worker-12: Building] INFO  o.e.m.c.i.embedder.EclipseLogger - skip non existing resourceDirectory C:\Users\usha\Desktop\LmsParallelProject\lmscollection\src\main\resources
2020-05-05 14:46:37,752 [Worker-12: Building] INFO  o.e.m.c.i.embedder.EclipseLogger - Using 'UTF-8' encoding to copy filtered resources.
2020-05-05 14:46:37,752 [Worker-12: Building] INFO  o.e.m.c.i.embedder.EclipseLogger - skip non existing resourceDirectory C:\Users\usha\Desktop\LmsParallelProject\lmscollection\src\test\resources
2020-05-05 14:47:34,435 [Worker-14: Building] INFO  o.e.m.c.i.embedder.EclipseLogger - Using 'UTF-8' encoding to copy filtered resources.
2020-05-05 14:47:34,436 [Worker-14: Building] INFO  o.e.m.c.i.embedder.EclipseLogger - skip non existing resourceDirectory C:\Users\usha\Desktop\LmsParallelProject\lmscollection\src\main\resources
2020-05-05 14:47:34,439 [Worker-14: Building] INFO  o.e.m.c.i.embedder.EclipseLogger - Using 'UTF-8' encoding to copy filtered resources.
2020-05-05 14:47:34,439 [Worker-14: Building] INFO  o.e.m.c.i.embedder.EclipseLogger - skip non existing resourceDirectory C:\Users\usha\Desktop\LmsParallelProject\lmscollection\src\test\resources
2020-05-05 14:47:49,779 [Worker-14: Building] INFO  o.e.m.c.i.embedder.EclipseLogger - Using 'UTF-8' encoding to copy filtered resources.
2020-05-05 14:47:49,779 [Worker-14: Building] INFO  o.e.m.c.i.embedder.EclipseLogger - skip non existing resourceDirectory C:\Users\usha\Desktop\LmsParallelProject\lmscollection\src\main\resources
2020-05-05 14:47:49,781 [Worker-14: Building] INFO  o.e.m.c.i.embedder.EclipseLogger - Using 'UTF-8' encoding to copy filtered resources.
2020-05-05 14:47:49,782 [Worker-14: Building] INFO  o.e.m.c.i.embedder.EclipseLogger - skip non existing resourceDirectory C:\Users\usha\Desktop\LmsParallelProject\lmscollection\src\test\resources
2020-05-05 14:48:25,724 [Worker-12: Building] INFO  o.e.m.c.i.embedder.EclipseLogger - Using 'UTF-8' encoding to copy filtered resources.
2020-05-05 14:48:25,730 [Worker-12: Building] INFO  o.e.m.c.i.embedder.EclipseLogger - skip non existing resourceDirectory C:\Users\usha\Desktop\LmsParallelProject\lmscollection\src\main\resources
2020-05-05 14:48:25,732 [Worker-12: Building] INFO  o.e.m.c.i.embedder.EclipseLogger - Using 'UTF-8' encoding to copy filtered resources.
2020-05-05 14:48:25,732 [Worker-12: Building] INFO  o.e.m.c.i.embedder.EclipseLogger - skip non existing resourceDirectory C:\Users\usha\Desktop\LmsParallelProject\lmscollection\src\test\resources
2020-05-05 14:48:44,680 [Worker-14: Building] INFO  o.e.m.c.i.embedder.EclipseLogger - Using 'UTF-8' encoding to copy filtered resources.
2020-05-05 14:48:44,680 [Worker-14: Building] INFO  o.e.m.c.i.embedder.EclipseLogger - skip non existing resourceDirectory C:\Users\usha\Desktop\LmsParallelProject\lmscollection\src\main\resources
2020-05-05 14:48:44,682 [Worker-14: Building] INFO  o.e.m.c.i.embedder.EclipseLogger - Using 'UTF-8' encoding to copy filtered resources.
2020-05-05 14:48:44,682 [Worker-14: Building] INFO  o.e.m.c.i.embedder.EclipseLogger - skip non existing resourceDirectory C:\Users\usha\Desktop\LmsParallelProject\lmscollection\src\test\resources
2020-05-05 14:49:07,329 [Worker-14: Building] INFO  o.e.m.c.i.embedder.EclipseLogger - Using 'UTF-8' encoding to copy filtered resources.
2020-05-05 14:49:07,330 [Worker-14: Building] INFO  o.e.m.c.i.embedder.EclipseLogger - skip non existing resourceDirectory C:\Users\usha\Desktop\LmsParallelProject\lmscollection\src\main\resources
2020-05-05 14:49:07,331 [Worker-14: Building] INFO  o.e.m.c.i.embedder.EclipseLogger - Using 'UTF-8' encoding to copy filtered resources.
2020-05-05 14:49:07,332 [Worker-14: Building] INFO  o.e.m.c.i.embedder.EclipseLogger - skip non existing resourceDirectory C:\Users\usha\Desktop\LmsParallelProject\lmscollection\src\test\resources
2020-05-05 14:49:35,054 [Worker-16: Building] INFO  o.e.m.c.i.embedder.EclipseLogger - Using 'UTF-8' encoding to copy filtered resources.
2020-05-05 14:49:35,055 [Worker-16: Building] INFO  o.e.m.c.i.embedder.EclipseLogger - skip non existing resourceDirectory C:\Users\usha\Desktop\LmsParallelProject\lmscollection\src\main\resources
2020-05-05 14:49:35,056 [Worker-16: Building] INFO  o.e.m.c.i.embedder.EclipseLogger - Using 'UTF-8' encoding to copy filtered resources.
2020-05-05 14:49:35,057 [Worker-16: Building] INFO  o.e.m.c.i.embedder.EclipseLogger - skip non existing resourceDirectory C:\Users\usha\Desktop\LmsParallelProject\lmscollection\src\test\resources
2020-05-05 14:52:38,062 [Worker-14: Creating maven-archetype-quickstart] INFO  o.e.m.c.i.p.ProjectConfigurationManager - Collecting project info '/pom.xml' C:\Users\usha\Desktop\LmsParallelProject\lmsjdbc\pom.xml
2020-05-05 14:52:38,228 [Worker-14: Creating maven-archetype-quickstart] INFO  o.e.m.c.i.l.LifecycleMappingFactory - Using org.eclipse.m2e.jdt.JarLifecycleMapping lifecycle mapping for MavenProject: com.capgemini:lmsjdbc:0.0.1-SNAPSHOT @ C:\Users\usha\Desktop\LmsParallelProject\lmsjdbc\pom.xml.
2020-05-05 14:52:38,408 [Worker-14: Creating maven-archetype-quickstart] INFO  o.e.m.j.i.AbstractJavaProjectConfigurator - Adding source folder /lmsjdbc/src/main/java
2020-05-05 14:52:38,420 [Worker-14: Creating maven-archetype-quickstart] INFO  o.e.m.j.i.AbstractJavaProjectConfigurator - Adding source folder /lmsjdbc/src/test/java
2020-05-05 14:52:38,548 [Worker-14: Creating maven-archetype-quickstart] INFO  o.e.m.c.i.p.ProjectConfigurationManager - Imported and configured 1 project(s) in 0 sec
2020-05-05 14:52:38,924 [Worker-15: Building] INFO  o.e.m.c.i.embedder.EclipseLogger - Using 'UTF-8' encoding to copy filtered resources.
2020-05-05 14:52:38,924 [Worker-15: Building] INFO  o.e.m.c.i.embedder.EclipseLogger - skip non existing resourceDirectory C:\Users\usha\Desktop\LmsParallelProject\lmsjdbc\src\main\resources
2020-05-05 14:52:38,925 [Worker-15: Building] INFO  o.e.m.c.i.embedder.EclipseLogger - Using 'UTF-8' encoding to copy filtered resources.
2020-05-05 14:52:38,926 [Worker-15: Building] INFO  o.e.m.c.i.embedder.EclipseLogger - skip non existing resourceDirectory C:\Users\usha\Desktop\LmsParallelProject\lmsjdbc\src\test\resources
2020-05-05 14:53:11,883 [Worker-14: Building] INFO  o.e.m.c.i.l.LifecycleMappingFactory - Using org.eclipse.m2e.jdt.JarLifecycleMapping lifecycle mapping for MavenProject: com.capgemini:lmsjdbc:0.0.1-SNAPSHOT @ C:\Users\usha\Desktop\LmsParallelProject\lmsjdbc\pom.xml.
2020-05-05 14:53:12,150 [Worker-14: Building] INFO  o.e.m.c.i.embedder.EclipseLogger - Using 'UTF-8' encoding to copy filtered resources.
2020-05-05 14:53:12,150 [Worker-14: Building] INFO  o.e.m.c.i.embedder.EclipseLogger - skip non existing resourceDirectory C:\Users\usha\Desktop\LmsParallelProject\lmsjdbc\src\main\resources
2020-05-05 14:53:12,154 [Worker-14: Building] INFO  o.e.m.c.i.embedder.EclipseLogger - Using 'UTF-8' encoding to copy filtered resources.
2020-05-05 14:53:12,156 [Worker-14: Building] INFO  o.e.m.c.i.embedder.EclipseLogger - skip non existing resourceDirectory C:\Users\usha\Desktop\LmsParallelProject\lmsjdbc\src\test\resources
2020-05-05 14:53:26,051 [Worker-15: Updating Maven Project] INFO  o.e.m.c.i.p.ProjectConfigurationManager - Update started
2020-05-05 14:53:26,558 [Worker-15: Updating Maven Project] INFO  o.e.m.c.i.l.LifecycleMappingFactory - Using org.eclipse.m2e.jdt.JarLifecycleMapping lifecycle mapping for MavenProject: com.capgemini:lmsjdbc:0.0.1-SNAPSHOT @ C:\Users\usha\Desktop\LmsParallelProject\lmsjdbc\pom.xml.
2020-05-05 14:53:26,595 [Worker-15: Updating Maven Project] INFO  o.e.m.c.i.l.LifecycleMappingFactory - Using org.eclipse.m2e.jdt.JarLifecycleMapping lifecycle mapping for MavenProject: com.capgemini:lmscollection:0.0.1-SNAPSHOT @ C:\Users\usha\Desktop\LmsParallelProject\lmscollection\pom.xml.
2020-05-05 14:53:26,839 [Worker-15: Updating Maven Project] INFO  o.e.m.j.i.AbstractJavaProjectConfigurator - Adding source folder /lmsjdbc/src/main/java
2020-05-05 14:53:26,840 [Worker-15: Updating Maven Project] INFO  o.e.m.j.i.AbstractJavaProjectConfigurator - Adding source folder /lmsjdbc/src/test/java
2020-05-05 14:53:27,008 [Worker-15: Updating Maven Project] INFO  o.e.m.c.i.p.ProjectConfigurationManager - Update completed: 0 sec
2020-05-05 14:53:27,147 [Worker-15: Building] INFO  o.e.m.c.i.embedder.EclipseLogger - Using 'UTF-8' encoding to copy filtered resources.
2020-05-05 14:53:27,147 [Worker-15: Building] INFO  o.e.m.c.i.embedder.EclipseLogger - skip non existing resourceDirectory C:\Users\usha\Desktop\LmsParallelProject\lmscollection\src\main\resources
2020-05-05 14:53:27,149 [Worker-15: Building] INFO  o.e.m.c.i.embedder.EclipseLogger - Using 'UTF-8' encoding to copy filtered resources.
2020-05-05 14:53:27,149 [Worker-15: Building] INFO  o.e.m.c.i.embedder.EclipseLogger - skip non existing resourceDirectory C:\Users\usha\Desktop\LmsParallelProject\lmscollection\src\test\resources
2020-05-05 14:53:27,211 [Worker-15: Building] INFO  o.e.m.c.i.embedder.EclipseLogger - Using 'UTF-8' encoding to copy filtered resources.
2020-05-05 14:53:27,211 [Worker-15: Building] INFO  o.e.m.c.i.embedder.EclipseLogger - skip non existing resourceDirectory C:\Users\usha\Desktop\LmsParallelProject\lmsjdbc\src\main\resources
2020-05-05 14:53:27,211 [Worker-15: Building] INFO  o.e.m.c.i.embedder.EclipseLogger - Using 'UTF-8' encoding to copy filtered resources.
2020-05-05 14:53:27,212 [Worker-15: Building] INFO  o.e.m.c.i.embedder.EclipseLogger - skip non existing resourceDirectory C:\Users\usha\Desktop\LmsParallelProject\lmsjdbc\src\test\resources
2020-05-05 14:54:21,318 [Worker-14: Building] INFO  o.e.m.c.i.embedder.EclipseLogger - Using 'UTF-8' encoding to copy filtered resources.
2020-05-05 14:54:21,318 [Worker-14: Building] INFO  o.e.m.c.i.embedder.EclipseLogger - skip non existing resourceDirectory C:\Users\usha\Desktop\LmsParallelProject\lmsjdbc\src\main\resources
2020-05-05 14:54:21,319 [Worker-14: Building] INFO  o.e.m.c.i.embedder.EclipseLogger - Using 'UTF-8' encoding to copy filtered resources.
2020-05-05 14:54:21,319 [Worker-14: Building] INFO  o.e.m.c.i.embedder.EclipseLogger - skip non existing resourceDirectory C:\Users\usha\Desktop\LmsParallelProject\lmsjdbc\src\test\resources
2020-05-05 14:59:17,637 [Worker-19: Building] INFO  o.e.m.c.i.embedder.EclipseLogger - Using 'UTF-8' encoding to copy filtered resources.
2020-05-05 14:59:17,637 [Worker-19: Building] INFO  o.e.m.c.i.embedder.EclipseLogger - skip non existing resourceDirectory C:\Users\usha\Desktop\LmsParallelProject\lmsjdbc\src\main\resources
2020-05-05 14:59:17,639 [Worker-19: Building] INFO  o.e.m.c.i.embedder.EclipseLogger - Using 'UTF-8' encoding to copy filtered resources.
2020-05-05 14:59:17,639 [Worker-19: Building] INFO  o.e.m.c.i.embedder.EclipseLogger - skip non existing resourceDirectory C:\Users\usha\Desktop\LmsParallelProject\lmsjdbc\src\test\resources
2020-05-05 14:59:43,331 [Worker-18: Building] INFO  o.e.m.c.i.embedder.EclipseLogger - Using 'UTF-8' encoding to copy filtered resources.
2020-05-05 14:59:43,332 [Worker-18: Building] INFO  o.e.m.c.i.embedder.EclipseLogger - skip non existing resourceDirectory C:\Users\usha\Desktop\LmsParallelProject\lmsjdbc\src\main\resources
2020-05-05 14:59:43,336 [Worker-18: Building] INFO  o.e.m.c.i.embedder.EclipseLogger - Using 'UTF-8' encoding to copy filtered resources.
2020-05-05 14:59:43,337 [Worker-18: Building] INFO  o.e.m.c.i.embedder.EclipseLogger - skip non existing resourceDirectory C:\Users\usha\Desktop\LmsParallelProject\lmsjdbc\src\test\resources
2020-05-05 14:59:53,845 [Worker-22: Building] INFO  o.e.m.c.i.embedder.EclipseLogger - Using 'UTF-8' encoding to copy filtered resources.
2020-05-05 14:59:53,846 [Worker-22: Building] INFO  o.e.m.c.i.embedder.EclipseLogger - skip non existing resourceDirectory C:\Users\usha\Desktop\LmsParallelProject\lmsjdbc\src\main\resources
2020-05-05 14:59:53,847 [Worker-22: Building] INFO  o.e.m.c.i.embedder.EclipseLogger - Using 'UTF-8' encoding to copy filtered resources.
2020-05-05 14:59:53,847 [Worker-22: Building] INFO  o.e.m.c.i.embedder.EclipseLogger - skip non existing resourceDirectory C:\Users\usha\Desktop\LmsParallelProject\lmsjdbc\src\test\resources
2020-05-05 15:00:20,676 [Worker-19: Building] INFO  o.e.m.c.i.embedder.EclipseLogger - Using 'UTF-8' encoding to copy filtered resources.
2020-05-05 15:00:20,676 [Worker-19: Building] INFO  o.e.m.c.i.embedder.EclipseLogger - skip non existing resourceDirectory C:\Users\usha\Desktop\LmsParallelProject\lmsjdbc\src\main\resources
2020-05-05 15:00:20,680 [Worker-19: Building] INFO  o.e.m.c.i.embedder.EclipseLogger - Using 'UTF-8' encoding to copy filtered resources.
2020-05-05 15:00:20,680 [Worker-19: Building] INFO  o.e.m.c.i.embedder.EclipseLogger - skip non existing resourceDirectory C:\Users\usha\Desktop\LmsParallelProject\lmsjdbc\src\test\resources
2020-05-05 15:00:30,497 [Worker-22: Building] INFO  o.e.m.c.i.embedder.EclipseLogger - Using 'UTF-8' encoding to copy filtered resources.
2020-05-05 15:00:30,497 [Worker-22: Building] INFO  o.e.m.c.i.embedder.EclipseLogger - skip non existing resourceDirectory C:\Users\usha\Desktop\LmsParallelProject\lmsjdbc\src\main\resources
2020-05-05 15:00:30,500 [Worker-22: Building] INFO  o.e.m.c.i.embedder.EclipseLogger - Using 'UTF-8' encoding to copy filtered resources.
2020-05-05 15:00:30,501 [Worker-22: Building] INFO  o.e.m.c.i.embedder.EclipseLogger - skip non existing resourceDirectory C:\Users\usha\Desktop\LmsParallelProject\lmsjdbc\src\test\resources
2020-05-05 15:01:01,498 [Worker-21: Building] INFO  o.e.m.c.i.embedder.EclipseLogger - Using 'UTF-8' encoding to copy filtered resources.
2020-05-05 15:01:01,499 [Worker-21: Building] INFO  o.e.m.c.i.embedder.EclipseLogger - skip non existing resourceDirectory C:\Users\usha\Desktop\LmsParallelProject\lmsjdbc\src\main\resources
2020-05-05 15:01:01,501 [Worker-21: Building] INFO  o.e.m.c.i.embedder.EclipseLogger - Using 'UTF-8' encoding to copy filtered resources.
2020-05-05 15:01:01,501 [Worker-21: Building] INFO  o.e.m.c.i.embedder.EclipseLogger - skip non existing resourceDirectory C:\Users\usha\Desktop\LmsParallelProject\lmsjdbc\src\test\resources
2020-05-05 15:01:34,025 [Worker-21: Building] INFO  o.e.m.c.i.embedder.EclipseLogger - Using 'UTF-8' encoding to copy filtered resources.
2020-05-05 15:01:34,026 [Worker-21: Building] INFO  o.e.m.c.i.embedder.EclipseLogger - skip non existing resourceDirectory C:\Users\usha\Desktop\LmsParallelProject\lmsjdbc\src\main\resources
2020-05-05 15:01:34,027 [Worker-21: Building] INFO  o.e.m.c.i.embedder.EclipseLogger - Using 'UTF-8' encoding to copy filtered resources.
2020-05-05 15:01:34,027 [Worker-21: Building] INFO  o.e.m.c.i.embedder.EclipseLogger - skip non existing resourceDirectory C:\Users\usha\Desktop\LmsParallelProject\lmsjdbc\src\test\resources
2020-05-05 15:01:59,559 [Worker-21: Building] INFO  o.e.m.c.i.embedder.EclipseLogger - Using 'UTF-8' encoding to copy filtered resources.
2020-05-05 15:01:59,560 [Worker-21: Building] INFO  o.e.m.c.i.embedder.EclipseLogger - skip non existing resourceDirectory C:\Users\usha\Desktop\LmsParallelProject\lmsjdbc\src\main\resources
2020-05-05 15:01:59,561 [Worker-21: Building] INFO  o.e.m.c.i.embedder.EclipseLogger - Using 'UTF-8' encoding to copy filtered resources.
2020-05-05 15:01:59,563 [Worker-21: Building] INFO  o.e.m.c.i.embedder.EclipseLogger - skip non existing resourceDirectory C:\Users\usha\Desktop\LmsParallelProject\lmsjdbc\src\test\resources
2020-05-05 15:02:20,888 [Worker-18: Building] INFO  o.e.m.c.i.embedder.EclipseLogger - Using 'UTF-8' encoding to copy filtered resources.
2020-05-05 15:02:20,890 [Worker-18: Building] INFO  o.e.m.c.i.embedder.EclipseLogger - skip non existing resourceDirectory C:\Users\usha\Desktop\LmsParallelProject\lmsjdbc\src\main\resources
2020-05-05 15:02:20,891 [Worker-18: Building] INFO  o.e.m.c.i.embedder.EclipseLogger - Using 'UTF-8' encoding to copy filtered resources.
2020-05-05 15:02:20,891 [Worker-18: Building] INFO  o.e.m.c.i.embedder.EclipseLogger - skip non existing resourceDirectory C:\Users\usha\Desktop\LmsParallelProject\lmsjdbc\src\test\resources
2020-05-05 15:02:45,181 [Worker-21: Building] INFO  o.e.m.c.i.embedder.EclipseLogger - Using 'UTF-8' encoding to copy filtered resources.
2020-05-05 15:02:45,182 [Worker-21: Building] INFO  o.e.m.c.i.embedder.EclipseLogger - skip non existing resourceDirectory C:\Users\usha\Desktop\LmsParallelProject\lmsjdbc\src\main\resources
2020-05-05 15:02:45,184 [Worker-21: Building] INFO  o.e.m.c.i.embedder.EclipseLogger - Using 'UTF-8' encoding to copy filtered resources.
2020-05-05 15:02:45,184 [Worker-21: Building] INFO  o.e.m.c.i.embedder.EclipseLogger - skip non existing resourceDirectory C:\Users\usha\Desktop\LmsParallelProject\lmsjdbc\src\test\resources
2020-05-05 15:03:15,736 [Worker-19: Building] INFO  o.e.m.c.i.embedder.EclipseLogger - Using 'UTF-8' encoding to copy filtered resources.
2020-05-05 15:03:15,736 [Worker-19: Building] INFO  o.e.m.c.i.embedder.EclipseLogger - skip non existing resourceDirectory C:\Users\usha\Desktop\LmsParallelProject\lmsjdbc\src\main\resources
2020-05-05 15:03:15,737 [Worker-19: Building] INFO  o.e.m.c.i.embedder.EclipseLogger - Using 'UTF-8' encoding to copy filtered resources.
2020-05-05 15:03:15,738 [Worker-19: Building] INFO  o.e.m.c.i.embedder.EclipseLogger - skip non existing resourceDirectory C:\Users\usha\Desktop\LmsParallelProject\lmsjdbc\src\test\resources
2020-05-05 15:03:38,644 [Worker-18: Building] INFO  o.e.m.c.i.embedder.EclipseLogger - Using 'UTF-8' encoding to copy filtered resources.
2020-05-05 15:03:38,644 [Worker-18: Building] INFO  o.e.m.c.i.embedder.EclipseLogger - skip non existing resourceDirectory C:\Users\usha\Desktop\LmsParallelProject\lmsjdbc\src\main\resources
2020-05-05 15:03:38,646 [Worker-18: Building] INFO  o.e.m.c.i.embedder.EclipseLogger - Using 'UTF-8' encoding to copy filtered resources.
2020-05-05 15:03:38,647 [Worker-18: Building] INFO  o.e.m.c.i.embedder.EclipseLogger - skip non existing resourceDirectory C:\Users\usha\Desktop\LmsParallelProject\lmsjdbc\src\test\resources
2020-05-05 15:04:15,670 [Worker-22: Building] INFO  o.e.m.c.i.embedder.EclipseLogger - Using 'UTF-8' encoding to copy filtered resources.
2020-05-05 15:04:15,671 [Worker-22: Building] INFO  o.e.m.c.i.embedder.EclipseLogger - skip non existing resourceDirectory C:\Users\usha\Desktop\LmsParallelProject\lmsjdbc\src\main\resources
2020-05-05 15:04:15,674 [Worker-22: Building] INFO  o.e.m.c.i.embedder.EclipseLogger - Using 'UTF-8' encoding to copy filtered resources.
2020-05-05 15:04:15,674 [Worker-22: Building] INFO  o.e.m.c.i.embedder.EclipseLogger - skip non existing resourceDirectory C:\Users\usha\Desktop\LmsParallelProject\lmsjdbc\src\test\resources
2020-05-05 15:04:28,268 [Worker-21: Building] INFO  o.e.m.c.i.embedder.EclipseLogger - Using 'UTF-8' encoding to copy filtered resources.
2020-05-05 15:04:28,268 [Worker-21: Building] INFO  o.e.m.c.i.embedder.EclipseLogger - skip non existing resourceDirectory C:\Users\usha\Desktop\LmsParallelProject\lmsjdbc\src\main\resources
2020-05-05 15:04:28,270 [Worker-21: Building] INFO  o.e.m.c.i.embedder.EclipseLogger - Using 'UTF-8' encoding to copy filtered resources.
2020-05-05 15:04:28,271 [Worker-21: Building] INFO  o.e.m.c.i.embedder.EclipseLogger - skip non existing resourceDirectory C:\Users\usha\Desktop\LmsParallelProject\lmsjdbc\src\test\resources
2020-05-05 15:04:59,877 [Worker-22: Building] INFO  o.e.m.c.i.embedder.EclipseLogger - Using 'UTF-8' encoding to copy filtered resources.
2020-05-05 15:04:59,877 [Worker-22: Building] INFO  o.e.m.c.i.embedder.EclipseLogger - skip non existing resourceDirectory C:\Users\usha\Desktop\LmsParallelProject\lmsjdbc\src\main\resources
2020-05-05 15:04:59,879 [Worker-22: Building] INFO  o.e.m.c.i.embedder.EclipseLogger - Using 'UTF-8' encoding to copy filtered resources.
2020-05-05 15:04:59,879 [Worker-22: Building] INFO  o.e.m.c.i.embedder.EclipseLogger - skip non existing resourceDirectory C:\Users\usha\Desktop\LmsParallelProject\lmsjdbc\src\test\resources
2020-05-05 15:09:45,723 [Worker-23: Building] INFO  o.e.m.c.i.embedder.EclipseLogger - Using 'UTF-8' encoding to copy filtered resources.
2020-05-05 15:09:45,723 [Worker-23: Building] INFO  o.e.m.c.i.embedder.EclipseLogger - skip non existing resourceDirectory C:\Users\usha\Desktop\LmsParallelProject\lmsjdbc\src\main\resources
2020-05-05 15:09:45,725 [Worker-23: Building] INFO  o.e.m.c.i.embedder.EclipseLogger - Using 'UTF-8' encoding to copy filtered resources.
2020-05-05 15:09:45,725 [Worker-23: Building] INFO  o.e.m.c.i.embedder.EclipseLogger - skip non existing resourceDirectory C:\Users\usha\Desktop\LmsParallelProject\lmsjdbc\src\test\resources
2020-05-05 15:11:27,789 [Worker-18: Building] INFO  o.e.m.c.i.l.LifecycleMappingFactory - Using org.eclipse.m2e.jdt.JarLifecycleMapping lifecycle mapping for MavenProject: com.capgemini:lmsjdbc:0.0.1-SNAPSHOT @ C:\Users\usha\Desktop\LmsParallelProject\lmsjdbc\pom.xml.
2020-05-05 15:11:27,856 [Worker-18: Building] INFO  o.e.m.c.i.embedder.EclipseLogger - Using 'UTF-8' encoding to copy filtered resources.
2020-05-05 15:11:27,856 [Worker-18: Building] INFO  o.e.m.c.i.embedder.EclipseLogger - skip non existing resourceDirectory C:\Users\usha\Desktop\LmsParallelProject\lmsjdbc\src\main\resources
2020-05-05 15:11:27,857 [Worker-18: Building] INFO  o.e.m.c.i.embedder.EclipseLogger - Using 'UTF-8' encoding to copy filtered resources.
2020-05-05 15:11:27,857 [Worker-18: Building] INFO  o.e.m.c.i.embedder.EclipseLogger - skip non existing resourceDirectory C:\Users\usha\Desktop\LmsParallelProject\lmsjdbc\src\test\resources
2020-05-05 15:11:29,492 [Worker-18: Building] INFO  o.e.m.c.i.embedder.EclipseLogger - Using 'UTF-8' encoding to copy filtered resources.
2020-05-05 15:11:29,492 [Worker-18: Building] INFO  o.e.m.c.i.embedder.EclipseLogger - skip non existing resourceDirectory C:\Users\usha\Desktop\LmsParallelProject\lmsjdbc\src\main\resources
2020-05-05 15:11:29,494 [Worker-18: Building] INFO  o.e.m.c.i.embedder.EclipseLogger - Using 'UTF-8' encoding to copy filtered resources.
2020-05-05 15:11:29,495 [Worker-18: Building] INFO  o.e.m.c.i.embedder.EclipseLogger - skip non existing resourceDirectory C:\Users\usha\Desktop\LmsParallelProject\lmsjdbc\src\test\resources
2020-05-05 15:13:29,370 [Worker-23: Building] INFO  o.e.m.c.i.embedder.EclipseLogger - Using 'UTF-8' encoding to copy filtered resources.
2020-05-05 15:13:29,371 [Worker-23: Building] INFO  o.e.m.c.i.embedder.EclipseLogger - skip non existing resourceDirectory C:\Users\usha\Desktop\LmsParallelProject\lmsjdbc\src\main\resources
2020-05-05 15:13:29,371 [Worker-23: Building] INFO  o.e.m.c.i.embedder.EclipseLogger - Using 'UTF-8' encoding to copy filtered resources.
2020-05-05 15:13:29,372 [Worker-23: Building] INFO  o.e.m.c.i.embedder.EclipseLogger - skip non existing resourceDirectory C:\Users\usha\Desktop\LmsParallelProject\lmsjdbc\src\test\resources
2020-05-05 15:34:40,581 [Worker-34: Building] INFO  o.e.m.c.i.embedder.EclipseLogger - Using 'UTF-8' encoding to copy filtered resources.
2020-05-05 15:34:40,581 [Worker-34: Building] INFO  o.e.m.c.i.embedder.EclipseLogger - skip non existing resourceDirectory C:\Users\usha\Desktop\LmsParallelProject\lmscollection\src\main\resources
2020-05-05 15:34:40,582 [Worker-34: Building] INFO  o.e.m.c.i.embedder.EclipseLogger - Using 'UTF-8' encoding to copy filtered resources.
2020-05-05 15:34:40,583 [Worker-34: Building] INFO  o.e.m.c.i.embedder.EclipseLogger - skip non existing resourceDirectory C:\Users\usha\Desktop\LmsParallelProject\lmscollection\src\test\resources
2020-05-05 15:34:46,806 [Worker-36: Building] INFO  o.e.m.c.i.embedder.EclipseLogger - Using 'UTF-8' encoding to copy filtered resources.
2020-05-05 15:34:46,806 [Worker-36: Building] INFO  o.e.m.c.i.embedder.EclipseLogger - skip non existing resourceDirectory C:\Users\usha\Desktop\LmsParallelProject\lmscollection\src\main\resources
2020-05-05 15:34:46,807 [Worker-36: Building] INFO  o.e.m.c.i.embedder.EclipseLogger - Using 'UTF-8' encoding to copy filtered resources.
2020-05-05 15:34:46,808 [Worker-36: Building] INFO  o.e.m.c.i.embedder.EclipseLogger - skip non existing resourceDirectory C:\Users\usha\Desktop\LmsParallelProject\lmscollection\src\test\resources
2020-05-05 15:35:09,398 [Worker-36: Building] INFO  o.e.m.c.i.embedder.EclipseLogger - Using 'UTF-8' encoding to copy filtered resources.
2020-05-05 15:35:09,399 [Worker-36: Building] INFO  o.e.m.c.i.embedder.EclipseLogger - skip non existing resourceDirectory C:\Users\usha\Desktop\LmsParallelProject\lmscollection\src\main\resources
2020-05-05 15:35:09,401 [Worker-36: Building] INFO  o.e.m.c.i.embedder.EclipseLogger - Using 'UTF-8' encoding to copy filtered resources.
2020-05-05 15:35:09,401 [Worker-36: Building] INFO  o.e.m.c.i.embedder.EclipseLogger - skip non existing resourceDirectory C:\Users\usha\Desktop\LmsParallelProject\lmscollection\src\test\resources
2020-05-05 15:35:17,113 [Worker-29: Building] INFO  o.e.m.c.i.embedder.EclipseLogger - Using 'UTF-8' encoding to copy filtered resources.
2020-05-05 15:35:17,114 [Worker-29: Building] INFO  o.e.m.c.i.embedder.EclipseLogger - skip non existing resourceDirectory C:\Users\usha\Desktop\LmsParallelProject\lmscollection\src\main\resources
2020-05-05 15:35:17,115 [Worker-29: Building] INFO  o.e.m.c.i.embedder.EclipseLogger - Using 'UTF-8' encoding to copy filtered resources.
2020-05-05 15:35:17,116 [Worker-29: Building] INFO  o.e.m.c.i.embedder.EclipseLogger - skip non existing resourceDirectory C:\Users\usha\Desktop\LmsParallelProject\lmscollection\src\test\resources
2020-05-05 15:35:26,187 [Worker-31: Building] INFO  o.e.m.c.i.embedder.EclipseLogger - Using 'UTF-8' encoding to copy filtered resources.
2020-05-05 15:35:26,188 [Worker-31: Building] INFO  o.e.m.c.i.embedder.EclipseLogger - skip non existing resourceDirectory C:\Users\usha\Desktop\LmsParallelProject\lmscollection\src\main\resources
2020-05-05 15:35:26,189 [Worker-31: Building] INFO  o.e.m.c.i.embedder.EclipseLogger - Using 'UTF-8' encoding to copy filtered resources.
2020-05-05 15:35:26,190 [Worker-31: Building] INFO  o.e.m.c.i.embedder.EclipseLogger - skip non existing resourceDirectory C:\Users\usha\Desktop\LmsParallelProject\lmscollection\src\test\resources
2020-05-05 15:35:34,026 [Worker-31: Building] INFO  o.e.m.c.i.embedder.EclipseLogger - Using 'UTF-8' encoding to copy filtered resources.
2020-05-05 15:35:34,026 [Worker-31: Building] INFO  o.e.m.c.i.embedder.EclipseLogger - skip non existing resourceDirectory C:\Users\usha\Desktop\LmsParallelProject\lmscollection\src\main\resources
2020-05-05 15:35:34,027 [Worker-31: Building] INFO  o.e.m.c.i.embedder.EclipseLogger - Using 'UTF-8' encoding to copy filtered resources.
2020-05-05 15:35:34,028 [Worker-31: Building] INFO  o.e.m.c.i.embedder.EclipseLogger - skip non existing resourceDirectory C:\Users\usha\Desktop\LmsParallelProject\lmscollection\src\test\resources
2020-05-05 15:35:44,257 [Worker-29: Building] INFO  o.e.m.c.i.embedder.EclipseLogger - Using 'UTF-8' encoding to copy filtered resources.
2020-05-05 15:35:44,257 [Worker-29: Building] INFO  o.e.m.c.i.embedder.EclipseLogger - skip non existing resourceDirectory C:\Users\usha\Desktop\LmsParallelProject\lmscollection\src\main\resources
2020-05-05 15:35:44,259 [Worker-29: Building] INFO  o.e.m.c.i.embedder.EclipseLogger - Using 'UTF-8' encoding to copy filtered resources.
2020-05-05 15:35:44,260 [Worker-29: Building] INFO  o.e.m.c.i.embedder.EclipseLogger - skip non existing resourceDirectory C:\Users\usha\Desktop\LmsParallelProject\lmscollection\src\test\resources
2020-05-05 15:35:52,730 [Worker-31: Building] INFO  o.e.m.c.i.embedder.EclipseLogger - Using 'UTF-8' encoding to copy filtered resources.
2020-05-05 15:35:52,730 [Worker-31: Building] INFO  o.e.m.c.i.embedder.EclipseLogger - skip non existing resourceDirectory C:\Users\usha\Desktop\LmsParallelProject\lmscollection\src\main\resources
2020-05-05 15:35:52,731 [Worker-31: Building] INFO  o.e.m.c.i.embedder.EclipseLogger - Using 'UTF-8' encoding to copy filtered resources.
2020-05-05 15:35:52,732 [Worker-31: Building] INFO  o.e.m.c.i.embedder.EclipseLogger - skip non existing resourceDirectory C:\Users\usha\Desktop\LmsParallelProject\lmscollection\src\test\resources
2020-05-05 15:36:08,176 [Worker-36: Building] INFO  o.e.m.c.i.embedder.EclipseLogger - Using 'UTF-8' encoding to copy filtered resources.
2020-05-05 15:36:08,177 [Worker-36: Building] INFO  o.e.m.c.i.embedder.EclipseLogger - skip non existing resourceDirectory C:\Users\usha\Desktop\LmsParallelProject\lmscollection\src\main\resources
2020-05-05 15:36:08,180 [Worker-36: Building] INFO  o.e.m.c.i.embedder.EclipseLogger - Using 'UTF-8' encoding to copy filtered resources.
2020-05-05 15:36:08,181 [Worker-36: Building] INFO  o.e.m.c.i.embedder.EclipseLogger - skip non existing resourceDirectory C:\Users\usha\Desktop\LmsParallelProject\lmscollection\src\test\resources
2020-05-05 15:38:37,714 [Worker-35: Building] INFO  o.e.m.c.i.embedder.EclipseLogger - Using 'UTF-8' encoding to copy filtered resources.
2020-05-05 15:38:37,714 [Worker-35: Building] INFO  o.e.m.c.i.embedder.EclipseLogger - skip non existing resourceDirectory C:\Users\usha\Desktop\LmsParallelProject\lmscollection\src\main\resources
2020-05-05 15:38:37,716 [Worker-35: Building] INFO  o.e.m.c.i.embedder.EclipseLogger - Using 'UTF-8' encoding to copy filtered resources.
2020-05-05 15:38:37,716 [Worker-35: Building] INFO  o.e.m.c.i.embedder.EclipseLogger - skip non existing resourceDirectory C:\Users\usha\Desktop\LmsParallelProject\lmscollection\src\test\resources
2020-05-05 15:38:45,467 [Worker-35: Building] INFO  o.e.m.c.i.embedder.EclipseLogger - Using 'UTF-8' encoding to copy filtered resources.
2020-05-05 15:38:45,467 [Worker-35: Building] INFO  o.e.m.c.i.embedder.EclipseLogger - skip non existing resourceDirectory C:\Users\usha\Desktop\LmsParallelProject\lmscollection\src\main\resources
2020-05-05 15:38:45,468 [Worker-35: Building] INFO  o.e.m.c.i.embedder.EclipseLogger - Using 'UTF-8' encoding to copy filtered resources.
2020-05-05 15:38:45,469 [Worker-35: Building] INFO  o.e.m.c.i.embedder.EclipseLogger - skip non existing resourceDirectory C:\Users\usha\Desktop\LmsParallelProject\lmscollection\src\test\resources
2020-05-05 15:38:57,698 [Worker-31: Building] INFO  o.e.m.c.i.embedder.EclipseLogger - Using 'UTF-8' encoding to copy filtered resources.
2020-05-05 15:38:57,698 [Worker-31: Building] INFO  o.e.m.c.i.embedder.EclipseLogger - skip non existing resourceDirectory C:\Users\usha\Desktop\LmsParallelProject\lmscollection\src\main\resources
2020-05-05 15:38:57,699 [Worker-31: Building] INFO  o.e.m.c.i.embedder.EclipseLogger - Using 'UTF-8' encoding to copy filtered resources.
2020-05-05 15:38:57,700 [Worker-31: Building] INFO  o.e.m.c.i.embedder.EclipseLogger - skip non existing resourceDirectory C:\Users\usha\Desktop\LmsParallelProject\lmscollection\src\test\resources
2020-05-05 15:39:07,968 [Worker-35: Building] INFO  o.e.m.c.i.embedder.EclipseLogger - Using 'UTF-8' encoding to copy filtered resources.
2020-05-05 15:39:07,968 [Worker-35: Building] INFO  o.e.m.c.i.embedder.EclipseLogger - skip non existing resourceDirectory C:\Users\usha\Desktop\LmsParallelProject\lmscollection\src\main\resources
2020-05-05 15:39:07,970 [Worker-35: Building] INFO  o.e.m.c.i.embedder.EclipseLogger - Using 'UTF-8' encoding to copy filtered resources.
2020-05-05 15:39:07,970 [Worker-35: Building] INFO  o.e.m.c.i.embedder.EclipseLogger - skip non existing resourceDirectory C:\Users\usha\Desktop\LmsParallelProject\lmscollection\src\test\resources
2020-05-05 15:39:32,155 [Worker-35: Building] INFO  o.e.m.c.i.embedder.EclipseLogger - Using 'UTF-8' encoding to copy filtered resources.
2020-05-05 15:39:32,155 [Worker-35: Building] INFO  o.e.m.c.i.embedder.EclipseLogger - skip non existing resourceDirectory C:\Users\usha\Desktop\LmsParallelProject\lmscollection\src\main\resources
2020-05-05 15:39:32,156 [Worker-35: Building] INFO  o.e.m.c.i.embedder.EclipseLogger - Using 'UTF-8' encoding to copy filtered resources.
2020-05-05 15:39:32,157 [Worker-35: Building] INFO  o.e.m.c.i.embedder.EclipseLogger - skip non existing resourceDirectory C:\Users\usha\Desktop\LmsParallelProject\lmscollection\src\test\resources
2020-05-05 15:39:42,219 [Worker-35: Building] INFO  o.e.m.c.i.embedder.EclipseLogger - Using 'UTF-8' encoding to copy filtered resources.
2020-05-05 15:39:42,220 [Worker-35: Building] INFO  o.e.m.c.i.embedder.EclipseLogger - skip non existing resourceDirectory C:\Users\usha\Desktop\LmsParallelProject\lmscollection\src\main\resources
2020-05-05 15:39:42,221 [Worker-35: Building] INFO  o.e.m.c.i.embedder.EclipseLogger - Using 'UTF-8' encoding to copy filtered resources.
2020-05-05 15:39:42,222 [Worker-35: Building] INFO  o.e.m.c.i.embedder.EclipseLogger - skip non existing resourceDirectory C:\Users\usha\Desktop\LmsParallelProject\lmscollection\src\test\resources
2020-05-05 15:39:56,905 [Worker-35: Building] INFO  o.e.m.c.i.embedder.EclipseLogger - Using 'UTF-8' encoding to copy filtered resources.
2020-05-05 15:39:56,905 [Worker-35: Building] INFO  o.e.m.c.i.embedder.EclipseLogger - skip non existing resourceDirectory C:\Users\usha\Desktop\LmsParallelProject\lmscollection\src\main\resources
2020-05-05 15:39:56,906 [Worker-35: Building] INFO  o.e.m.c.i.embedder.EclipseLogger - Using 'UTF-8' encoding to copy filtered resources.
2020-05-05 15:39:56,907 [Worker-35: Building] INFO  o.e.m.c.i.embedder.EclipseLogger - skip non existing resourceDirectory C:\Users\usha\Desktop\LmsParallelProject\lmscollection\src\test\resources
2020-05-05 15:40:06,468 [Worker-31: Building] INFO  o.e.m.c.i.embedder.EclipseLogger - Using 'UTF-8' encoding to copy filtered resources.
2020-05-05 15:40:06,469 [Worker-31: Building] INFO  o.e.m.c.i.embedder.EclipseLogger - skip non existing resourceDirectory C:\Users\usha\Desktop\LmsParallelProject\lmscollection\src\main\resources
2020-05-05 15:40:06,470 [Worker-31: Building] INFO  o.e.m.c.i.embedder.EclipseLogger - Using 'UTF-8' encoding to copy filtered resources.
2020-05-05 15:40:06,472 [Worker-31: Building] INFO  o.e.m.c.i.embedder.EclipseLogger - skip non existing resourceDirectory C:\Users\usha\Desktop\LmsParallelProject\lmscollection\src\test\resources
2020-05-05 15:40:18,848 [Worker-34: Building] INFO  o.e.m.c.i.embedder.EclipseLogger - Using 'UTF-8' encoding to copy filtered resources.
2020-05-05 15:40:18,849 [Worker-34: Building] INFO  o.e.m.c.i.embedder.EclipseLogger - skip non existing resourceDirectory C:\Users\usha\Desktop\LmsParallelProject\lmscollection\src\main\resources
2020-05-05 15:40:18,850 [Worker-34: Building] INFO  o.e.m.c.i.embedder.EclipseLogger - Using 'UTF-8' encoding to copy filtered resources.
2020-05-05 15:40:18,850 [Worker-34: Building] INFO  o.e.m.c.i.embedder.EclipseLogger - skip non existing resourceDirectory C:\Users\usha\Desktop\LmsParallelProject\lmscollection\src\test\resources
2020-05-05 15:40:27,682 [Worker-36: Building] INFO  o.e.m.c.i.embedder.EclipseLogger - Using 'UTF-8' encoding to copy filtered resources.
2020-05-05 15:40:27,683 [Worker-36: Building] INFO  o.e.m.c.i.embedder.EclipseLogger - skip non existing resourceDirectory C:\Users\usha\Desktop\LmsParallelProject\lmscollection\src\main\resources
2020-05-05 15:40:27,685 [Worker-36: Building] INFO  o.e.m.c.i.embedder.EclipseLogger - Using 'UTF-8' encoding to copy filtered resources.
2020-05-05 15:40:27,686 [Worker-36: Building] INFO  o.e.m.c.i.embedder.EclipseLogger - skip non existing resourceDirectory C:\Users\usha\Desktop\LmsParallelProject\lmscollection\src\test\resources
2020-05-05 15:40:36,436 [Worker-36: Building] INFO  o.e.m.c.i.embedder.EclipseLogger - Using 'UTF-8' encoding to copy filtered resources.
2020-05-05 15:40:36,436 [Worker-36: Building] INFO  o.e.m.c.i.embedder.EclipseLogger - skip non existing resourceDirectory C:\Users\usha\Desktop\LmsParallelProject\lmscollection\src\main\resources
2020-05-05 15:40:36,437 [Worker-36: Building] INFO  o.e.m.c.i.embedder.EclipseLogger - Using 'UTF-8' encoding to copy filtered resources.
2020-05-05 15:40:36,438 [Worker-36: Building] INFO  o.e.m.c.i.embedder.EclipseLogger - skip non existing resourceDirectory C:\Users\usha\Desktop\LmsParallelProject\lmscollection\src\test\resources
2020-05-05 15:40:44,800 [Worker-35: Building] INFO  o.e.m.c.i.embedder.EclipseLogger - Using 'UTF-8' encoding to copy filtered resources.
2020-05-05 15:40:44,801 [Worker-35: Building] INFO  o.e.m.c.i.embedder.EclipseLogger - skip non existing resourceDirectory C:\Users\usha\Desktop\LmsParallelProject\lmscollection\src\main\resources
2020-05-05 15:40:44,803 [Worker-35: Building] INFO  o.e.m.c.i.embedder.EclipseLogger - Using 'UTF-8' encoding to copy filtered resources.
2020-05-05 15:40:44,803 [Worker-35: Building] INFO  o.e.m.c.i.embedder.EclipseLogger - skip non existing resourceDirectory C:\Users\usha\Desktop\LmsParallelProject\lmscollection\src\test\resources
2020-05-05 15:41:58,242 [Worker-36: Building] INFO  o.e.m.c.i.embedder.EclipseLogger - Using 'UTF-8' encoding to copy filtered resources.
2020-05-05 15:41:58,243 [Worker-36: Building] INFO  o.e.m.c.i.embedder.EclipseLogger - skip non existing resourceDirectory C:\Users\usha\Desktop\LmsParallelProject\lmscollection\src\main\resources
2020-05-05 15:41:58,244 [Worker-36: Building] INFO  o.e.m.c.i.embedder.EclipseLogger - Using 'UTF-8' encoding to copy filtered resources.
2020-05-05 15:41:58,245 [Worker-36: Building] INFO  o.e.m.c.i.embedder.EclipseLogger - skip non existing resourceDirectory C:\Users\usha\Desktop\LmsParallelProject\lmscollection\src\test\resources
2020-05-05 15:43:06,244 [Worker-34: Building] INFO  o.e.m.c.i.embedder.EclipseLogger - Using 'UTF-8' encoding to copy filtered resources.
2020-05-05 15:43:06,245 [Worker-34: Building] INFO  o.e.m.c.i.embedder.EclipseLogger - skip non existing resourceDirectory C:\Users\usha\Desktop\LmsParallelProject\lmsjdbc\src\main\resources
2020-05-05 15:43:06,246 [Worker-34: Building] INFO  o.e.m.c.i.embedder.EclipseLogger - Using 'UTF-8' encoding to copy filtered resources.
2020-05-05 15:43:06,246 [Worker-34: Building] INFO  o.e.m.c.i.embedder.EclipseLogger - skip non existing resourceDirectory C:\Users\usha\Desktop\LmsParallelProject\lmsjdbc\src\test\resources
2020-05-05 15:44:04,327 [Worker-35: Building] INFO  o.e.m.c.i.embedder.EclipseLogger - Using 'UTF-8' encoding to copy filtered resources.
2020-05-05 15:44:04,327 [Worker-35: Building] INFO  o.e.m.c.i.embedder.EclipseLogger - skip non existing resourceDirectory C:\Users\usha\Desktop\LmsParallelProject\lmsjdbc\src\main\resources
2020-05-05 15:44:04,329 [Worker-35: Building] INFO  o.e.m.c.i.embedder.EclipseLogger - Using 'UTF-8' encoding to copy filtered resources.
2020-05-05 15:44:04,330 [Worker-35: Building] INFO  o.e.m.c.i.embedder.EclipseLogger - skip non existing resourceDirectory C:\Users\usha\Desktop\LmsParallelProject\lmsjdbc\src\test\resources
2020-05-05 15:44:41,225 [Worker-31: Building] INFO  o.e.m.c.i.embedder.EclipseLogger - Using 'UTF-8' encoding to copy filtered resources.
2020-05-05 15:44:41,226 [Worker-31: Building] INFO  o.e.m.c.i.embedder.EclipseLogger - skip non existing resourceDirectory C:\Users\usha\Desktop\LmsParallelProject\lmsjdbc\src\main\resources
2020-05-05 15:44:41,227 [Worker-31: Building] INFO  o.e.m.c.i.embedder.EclipseLogger - Using 'UTF-8' encoding to copy filtered resources.
2020-05-05 15:44:41,228 [Worker-31: Building] INFO  o.e.m.c.i.embedder.EclipseLogger - skip non existing resourceDirectory C:\Users\usha\Desktop\LmsParallelProject\lmsjdbc\src\test\resources
2020-05-05 15:48:04,677 [Worker-29: Building] INFO  o.e.m.c.i.embedder.EclipseLogger - Using 'UTF-8' encoding to copy filtered resources.
2020-05-05 15:48:04,677 [Worker-29: Building] INFO  o.e.m.c.i.embedder.EclipseLogger - skip non existing resourceDirectory C:\Users\usha\Desktop\LmsParallelProject\lmsjdbc\src\main\resources
2020-05-05 15:48:04,678 [Worker-29: Building] INFO  o.e.m.c.i.embedder.EclipseLogger - Using 'UTF-8' encoding to copy filtered resources.
2020-05-05 15:48:04,679 [Worker-29: Building] INFO  o.e.m.c.i.embedder.EclipseLogger - skip non existing resourceDirectory C:\Users\usha\Desktop\LmsParallelProject\lmsjdbc\src\test\resources
2020-05-05 15:48:21,665 [Worker-37: Building] INFO  o.e.m.c.i.embedder.EclipseLogger - Using 'UTF-8' encoding to copy filtered resources.
2020-05-05 15:48:21,670 [Worker-37: Building] INFO  o.e.m.c.i.embedder.EclipseLogger - skip non existing resourceDirectory C:\Users\usha\Desktop\LmsParallelProject\lmsjdbc\src\main\resources
2020-05-05 15:48:21,673 [Worker-37: Building] INFO  o.e.m.c.i.embedder.EclipseLogger - Using 'UTF-8' encoding to copy filtered resources.
2020-05-05 15:48:21,675 [Worker-37: Building] INFO  o.e.m.c.i.embedder.EclipseLogger - skip non existing resourceDirectory C:\Users\usha\Desktop\LmsParallelProject\lmsjdbc\src\test\resources
2020-05-05 15:48:32,713 [Worker-36: Building] INFO  o.e.m.c.i.embedder.EclipseLogger - Using 'UTF-8' encoding to copy filtered resources.
2020-05-05 15:48:32,714 [Worker-36: Building] INFO  o.e.m.c.i.embedder.EclipseLogger - skip non existing resourceDirectory C:\Users\usha\Desktop\LmsParallelProject\lmsjdbc\src\main\resources
2020-05-05 15:48:32,716 [Worker-36: Building] INFO  o.e.m.c.i.embedder.EclipseLogger - Using 'UTF-8' encoding to copy filtered resources.
2020-05-05 15:48:32,716 [Worker-36: Building] INFO  o.e.m.c.i.embedder.EclipseLogger - skip non existing resourceDirectory C:\Users\usha\Desktop\LmsParallelProject\lmsjdbc\src\test\resources
2020-05-05 15:48:44,741 [Worker-37: Building] INFO  o.e.m.c.i.embedder.EclipseLogger - Using 'UTF-8' encoding to copy filtered resources.
2020-05-05 15:48:44,741 [Worker-37: Building] INFO  o.e.m.c.i.embedder.EclipseLogger - skip non existing resourceDirectory C:\Users\usha\Desktop\LmsParallelProject\lmsjdbc\src\main\resources
2020-05-05 15:48:44,743 [Worker-37: Building] INFO  o.e.m.c.i.embedder.EclipseLogger - Using 'UTF-8' encoding to copy filtered resources.
2020-05-05 15:48:44,743 [Worker-37: Building] INFO  o.e.m.c.i.embedder.EclipseLogger - skip non existing resourceDirectory C:\Users\usha\Desktop\LmsParallelProject\lmsjdbc\src\test\resources
2020-05-05 15:48:55,588 [Worker-37: Building] INFO  o.e.m.c.i.embedder.EclipseLogger - Using 'UTF-8' encoding to copy filtered resources.
2020-05-05 15:48:55,589 [Worker-37: Building] INFO  o.e.m.c.i.embedder.EclipseLogger - skip non existing resourceDirectory C:\Users\usha\Desktop\LmsParallelProject\lmsjdbc\src\main\resources
2020-05-05 15:48:55,590 [Worker-37: Building] INFO  o.e.m.c.i.embedder.EclipseLogger - Using 'UTF-8' encoding to copy filtered resources.
2020-05-05 15:48:55,590 [Worker-37: Building] INFO  o.e.m.c.i.embedder.EclipseLogger - skip non existing resourceDirectory C:\Users\usha\Desktop\LmsParallelProject\lmsjdbc\src\test\resources
2020-05-05 15:49:06,663 [Worker-35: Building] INFO  o.e.m.c.i.embedder.EclipseLogger - Using 'UTF-8' encoding to copy filtered resources.
2020-05-05 15:49:06,664 [Worker-35: Building] INFO  o.e.m.c.i.embedder.EclipseLogger - skip non existing resourceDirectory C:\Users\usha\Desktop\LmsParallelProject\lmsjdbc\src\main\resources
2020-05-05 15:49:06,666 [Worker-35: Building] INFO  o.e.m.c.i.embedder.EclipseLogger - Using 'UTF-8' encoding to copy filtered resources.
2020-05-05 15:49:06,668 [Worker-35: Building] INFO  o.e.m.c.i.embedder.EclipseLogger - skip non existing resourceDirectory C:\Users\usha\Desktop\LmsParallelProject\lmsjdbc\src\test\resources
2020-05-05 15:49:15,184 [Worker-31: Building] INFO  o.e.m.c.i.embedder.EclipseLogger - Using 'UTF-8' encoding to copy filtered resources.
2020-05-05 15:49:15,184 [Worker-31: Building] INFO  o.e.m.c.i.embedder.EclipseLogger - skip non existing resourceDirectory C:\Users\usha\Desktop\LmsParallelProject\lmsjdbc\src\main\resources
2020-05-05 15:49:15,186 [Worker-31: Building] INFO  o.e.m.c.i.embedder.EclipseLogger - Using 'UTF-8' encoding to copy filtered resources.
2020-05-05 15:49:15,186 [Worker-31: Building] INFO  o.e.m.c.i.embedder.EclipseLogger - skip non existing resourceDirectory C:\Users\usha\Desktop\LmsParallelProject\lmsjdbc\src\test\resources
2020-05-05 15:49:27,038 [Worker-29: Building] INFO  o.e.m.c.i.embedder.EclipseLogger - Using 'UTF-8' encoding to copy filtered resources.
2020-05-05 15:49:27,038 [Worker-29: Building] INFO  o.e.m.c.i.embedder.EclipseLogger - skip non existing resourceDirectory C:\Users\usha\Desktop\LmsParallelProject\lmsjdbc\src\main\resources
2020-05-05 15:49:27,039 [Worker-29: Building] INFO  o.e.m.c.i.embedder.EclipseLogger - Using 'UTF-8' encoding to copy filtered resources.
2020-05-05 15:49:27,039 [Worker-29: Building] INFO  o.e.m.c.i.embedder.EclipseLogger - skip non existing resourceDirectory C:\Users\usha\Desktop\LmsParallelProject\lmsjdbc\src\test\resources
2020-05-05 15:49:43,364 [Worker-34: Building] INFO  o.e.m.c.i.embedder.EclipseLogger - Using 'UTF-8' encoding to copy filtered resources.
2020-05-05 15:49:43,364 [Worker-34: Building] INFO  o.e.m.c.i.embedder.EclipseLogger - skip non existing resourceDirectory C:\Users\usha\Desktop\LmsParallelProject\lmsjdbc\src\main\resources
2020-05-05 15:49:43,366 [Worker-34: Building] INFO  o.e.m.c.i.embedder.EclipseLogger - Using 'UTF-8' encoding to copy filtered resources.
2020-05-05 15:49:43,366 [Worker-34: Building] INFO  o.e.m.c.i.embedder.EclipseLogger - skip non existing resourceDirectory C:\Users\usha\Desktop\LmsParallelProject\lmsjdbc\src\test\resources
2020-05-05 15:49:52,328 [Worker-34: Building] INFO  o.e.m.c.i.embedder.EclipseLogger - Using 'UTF-8' encoding to copy filtered resources.
2020-05-05 15:49:52,329 [Worker-34: Building] INFO  o.e.m.c.i.embedder.EclipseLogger - skip non existing resourceDirectory C:\Users\usha\Desktop\LmsParallelProject\lmsjdbc\src\main\resources
2020-05-05 15:49:52,330 [Worker-34: Building] INFO  o.e.m.c.i.embedder.EclipseLogger - Using 'UTF-8' encoding to copy filtered resources.
2020-05-05 15:49:52,330 [Worker-34: Building] INFO  o.e.m.c.i.embedder.EclipseLogger - skip non existing resourceDirectory C:\Users\usha\Desktop\LmsParallelProject\lmsjdbc\src\test\resources
2020-05-05 15:50:00,458 [Worker-36: Building] INFO  o.e.m.c.i.embedder.EclipseLogger - Using 'UTF-8' encoding to copy filtered resources.
2020-05-05 15:50:00,459 [Worker-36: Building] INFO  o.e.m.c.i.embedder.EclipseLogger - skip non existing resourceDirectory C:\Users\usha\Desktop\LmsParallelProject\lmsjdbc\src\main\resources
2020-05-05 15:50:00,460 [Worker-36: Building] INFO  o.e.m.c.i.embedder.EclipseLogger - Using 'UTF-8' encoding to copy filtered resources.
2020-05-05 15:50:00,461 [Worker-36: Building] INFO  o.e.m.c.i.embedder.EclipseLogger - skip non existing resourceDirectory C:\Users\usha\Desktop\LmsParallelProject\lmsjdbc\src\test\resources
2020-05-05 15:50:08,247 [Worker-35: Building] INFO  o.e.m.c.i.embedder.EclipseLogger - Using 'UTF-8' encoding to copy filtered resources.
2020-05-05 15:50:08,247 [Worker-35: Building] INFO  o.e.m.c.i.embedder.EclipseLogger - skip non existing resourceDirectory C:\Users\usha\Desktop\LmsParallelProject\lmsjdbc\src\main\resources
2020-05-05 15:50:08,249 [Worker-35: Building] INFO  o.e.m.c.i.embedder.EclipseLogger - Using 'UTF-8' encoding to copy filtered resources.
2020-05-05 15:50:08,250 [Worker-35: Building] INFO  o.e.m.c.i.embedder.EclipseLogger - skip non existing resourceDirectory C:\Users\usha\Desktop\LmsParallelProject\lmsjdbc\src\test\resources
2020-05-05 15:50:29,000 [Worker-29: Building] INFO  o.e.m.c.i.embedder.EclipseLogger - Using 'UTF-8' encoding to copy filtered resources.
2020-05-05 15:50:29,001 [Worker-29: Building] INFO  o.e.m.c.i.embedder.EclipseLogger - skip non existing resourceDirectory C:\Users\usha\Desktop\LmsParallelProject\lmsjdbc\src\main\resources
2020-05-05 15:50:29,002 [Worker-29: Building] INFO  o.e.m.c.i.embedder.EclipseLogger - Using 'UTF-8' encoding to copy filtered resources.
2020-05-05 15:50:29,003 [Worker-29: Building] INFO  o.e.m.c.i.embedder.EclipseLogger - skip non existing resourceDirectory C:\Users\usha\Desktop\LmsParallelProject\lmsjdbc\src\test\resources
2020-05-05 15:50:42,053 [Worker-31: Building] INFO  o.e.m.c.i.embedder.EclipseLogger - Using 'UTF-8' encoding to copy filtered resources.
2020-05-05 15:50:42,054 [Worker-31: Building] INFO  o.e.m.c.i.embedder.EclipseLogger - skip non existing resourceDirectory C:\Users\usha\Desktop\LmsParallelProject\lmsjdbc\src\main\resources
2020-05-05 15:50:42,055 [Worker-31: Building] INFO  o.e.m.c.i.embedder.EclipseLogger - Using 'UTF-8' encoding to copy filtered resources.
2020-05-05 15:50:42,055 [Worker-31: Building] INFO  o.e.m.c.i.embedder.EclipseLogger - skip non existing resourceDirectory C:\Users\usha\Desktop\LmsParallelProject\lmsjdbc\src\test\resources
2020-05-05 15:50:54,745 [Worker-34: Building] INFO  o.e.m.c.i.embedder.EclipseLogger - Using 'UTF-8' encoding to copy filtered resources.
2020-05-05 15:50:54,745 [Worker-34: Building] INFO  o.e.m.c.i.embedder.EclipseLogger - skip non existing resourceDirectory C:\Users\usha\Desktop\LmsParallelProject\lmsjdbc\src\main\resources
2020-05-05 15:50:54,746 [Worker-34: Building] INFO  o.e.m.c.i.embedder.EclipseLogger - Using 'UTF-8' encoding to copy filtered resources.
2020-05-05 15:50:54,746 [Worker-34: Building] INFO  o.e.m.c.i.embedder.EclipseLogger - skip non existing resourceDirectory C:\Users\usha\Desktop\LmsParallelProject\lmsjdbc\src\test\resources
2020-05-05 15:51:14,676 [Worker-34: Building] INFO  o.e.m.c.i.embedder.EclipseLogger - Using 'UTF-8' encoding to copy filtered resources.
2020-05-05 15:51:14,677 [Worker-34: Building] INFO  o.e.m.c.i.embedder.EclipseLogger - skip non existing resourceDirectory C:\Users\usha\Desktop\LmsParallelProject\lmsjdbc\src\main\resources
2020-05-05 15:51:14,678 [Worker-34: Building] INFO  o.e.m.c.i.embedder.EclipseLogger - Using 'UTF-8' encoding to copy filtered resources.
2020-05-05 15:51:14,678 [Worker-34: Building] INFO  o.e.m.c.i.embedder.EclipseLogger - skip non existing resourceDirectory C:\Users\usha\Desktop\LmsParallelProject\lmsjdbc\src\test\resources
2020-05-05 15:51:28,636 [Worker-35: Building] INFO  o.e.m.c.i.embedder.EclipseLogger - Using 'UTF-8' encoding to copy filtered resources.
2020-05-05 15:51:28,636 [Worker-35: Building] INFO  o.e.m.c.i.embedder.EclipseLogger - skip non existing resourceDirectory C:\Users\usha\Desktop\LmsParallelProject\lmsjdbc\src\main\resources
2020-05-05 15:51:28,637 [Worker-35: Building] INFO  o.e.m.c.i.embedder.EclipseLogger - Using 'UTF-8' encoding to copy filtered resources.
2020-05-05 15:51:28,638 [Worker-35: Building] INFO  o.e.m.c.i.embedder.EclipseLogger - skip non existing resourceDirectory C:\Users\usha\Desktop\LmsParallelProject\lmsjdbc\src\test\resources
2020-05-05 15:52:48,477 [Worker-29: Building] INFO  o.e.m.c.i.embedder.EclipseLogger - Using 'UTF-8' encoding to copy filtered resources.
2020-05-05 15:52:48,478 [Worker-29: Building] INFO  o.e.m.c.i.embedder.EclipseLogger - skip non existing resourceDirectory C:\Users\usha\Desktop\LmsParallelProject\lmsjdbc\src\main\resources
2020-05-05 15:52:48,479 [Worker-29: Building] INFO  o.e.m.c.i.embedder.EclipseLogger - Using 'UTF-8' encoding to copy filtered resources.
2020-05-05 15:52:48,479 [Worker-29: Building] INFO  o.e.m.c.i.embedder.EclipseLogger - skip non existing resourceDirectory C:\Users\usha\Desktop\LmsParallelProject\lmsjdbc\src\test\resources
2020-05-05 15:53:09,223 [Worker-31: Building] INFO  o.e.m.c.i.embedder.EclipseLogger - Using 'UTF-8' encoding to copy filtered resources.
2020-05-05 15:53:09,223 [Worker-31: Building] INFO  o.e.m.c.i.embedder.EclipseLogger - skip non existing resourceDirectory C:\Users\usha\Desktop\LmsParallelProject\lmsjdbc\src\main\resources
2020-05-05 15:53:09,224 [Worker-31: Building] INFO  o.e.m.c.i.embedder.EclipseLogger - Using 'UTF-8' encoding to copy filtered resources.
2020-05-05 15:53:09,225 [Worker-31: Building] INFO  o.e.m.c.i.embedder.EclipseLogger - skip non existing resourceDirectory C:\Users\usha\Desktop\LmsParallelProject\lmsjdbc\src\test\resources
2020-05-05 15:55:38,046 [Worker-31: Building] INFO  o.e.m.c.i.embedder.EclipseLogger - Using 'UTF-8' encoding to copy filtered resources.
2020-05-05 15:55:38,047 [Worker-31: Building] INFO  o.e.m.c.i.embedder.EclipseLogger - skip non existing resourceDirectory C:\Users\usha\Desktop\LmsParallelProject\lmsjdbc\src\main\resources
2020-05-05 15:55:38,048 [Worker-31: Building] INFO  o.e.m.c.i.embedder.EclipseLogger - Using 'UTF-8' encoding to copy filtered resources.
2020-05-05 15:55:38,048 [Worker-31: Building] INFO  o.e.m.c.i.embedder.EclipseLogger - skip non existing resourceDirectory C:\Users\usha\Desktop\LmsParallelProject\lmsjdbc\src\test\resources
2020-05-05 15:58:17,560 [Worker-41: Building] INFO  o.e.m.c.i.embedder.EclipseLogger - Using 'UTF-8' encoding to copy filtered resources.
2020-05-05 15:58:17,560 [Worker-41: Building] INFO  o.e.m.c.i.embedder.EclipseLogger - skip non existing resourceDirectory C:\Users\usha\Desktop\LmsParallelProject\lmsjdbc\src\main\resources
2020-05-05 15:58:17,561 [Worker-41: Building] INFO  o.e.m.c.i.embedder.EclipseLogger - Using 'UTF-8' encoding to copy filtered resources.
2020-05-05 15:58:17,562 [Worker-41: Building] INFO  o.e.m.c.i.embedder.EclipseLogger - skip non existing resourceDirectory C:\Users\usha\Desktop\LmsParallelProject\lmsjdbc\src\test\resources
2020-05-05 15:58:28,901 [Worker-35: Building] INFO  o.e.m.c.i.embedder.EclipseLogger - Using 'UTF-8' encoding to copy filtered resources.
2020-05-05 15:58:28,901 [Worker-35: Building] INFO  o.e.m.c.i.embedder.EclipseLogger - skip non existing resourceDirectory C:\Users\usha\Desktop\LmsParallelProject\lmsjdbc\src\main\resources
2020-05-05 15:58:28,903 [Worker-35: Building] INFO  o.e.m.c.i.embedder.EclipseLogger - Using 'UTF-8' encoding to copy filtered resources.
2020-05-05 15:58:28,903 [Worker-35: Building] INFO  o.e.m.c.i.embedder.EclipseLogger - skip non existing resourceDirectory C:\Users\usha\Desktop\LmsParallelProject\lmsjdbc\src\test\resources
2020-05-05 15:59:04,799 [Worker-41: Building] INFO  o.e.m.c.i.embedder.EclipseLogger - Using 'UTF-8' encoding to copy filtered resources.
2020-05-05 15:59:04,799 [Worker-41: Building] INFO  o.e.m.c.i.embedder.EclipseLogger - skip non existing resourceDirectory C:\Users\usha\Desktop\LmsParallelProject\lmsjdbc\src\main\resources
2020-05-05 15:59:04,800 [Worker-41: Building] INFO  o.e.m.c.i.embedder.EclipseLogger - Using 'UTF-8' encoding to copy filtered resources.
2020-05-05 15:59:04,800 [Worker-41: Building] INFO  o.e.m.c.i.embedder.EclipseLogger - skip non existing resourceDirectory C:\Users\usha\Desktop\LmsParallelProject\lmsjdbc\src\test\resources
2020-05-05 16:10:20,853 [Worker-39: Building] INFO  o.e.m.c.i.embedder.EclipseLogger - Using 'UTF-8' encoding to copy filtered resources.
2020-05-05 16:10:20,854 [Worker-39: Building] INFO  o.e.m.c.i.embedder.EclipseLogger - skip non existing resourceDirectory C:\Users\usha\Desktop\LmsParallelProject\lmsjdbc\src\main\resources
